<?xml version="1.0" encoding="UTF-8"?>
<!-- Generated by org.testng.reporters.JUnitReportReporter -->
<testsuite hostname="DESKTOP-FEC8FTO" failures="0" tests="8" name="com.qa.HIS.BrowserCompatibility_HIS.HomeDrugDeliveryTest" time="290.464" errors="0" timestamp="2025-04-03T16:07:18 IST" skipped="0">
  <testcase classname="com.qa.HIS.BrowserCompatibility_HIS.HomeDrugDeliveryTest" name="doLoginTest" time="1.022"/>
  <testcase classname="com.qa.HIS.BrowserCompatibility_HIS.HomeDrugDeliveryTest" name="doNavigateToSelectHospitalLocationTest" time="1.017"/>
  <testcase classname="com.qa.HIS.BrowserCompatibility_HIS.HomeDrugDeliveryTest" name="doNavigateToHISHomeTest" time="7.195"/>
  <testcase classname="com.qa.HIS.BrowserCompatibility_HIS.HomeDrugDeliveryTest" name="donavigatetoHomeDrugDeliverlink" time="1.526"/>
  <testcase classname="com.qa.HIS.BrowserCompatibility_HIS.HomeDrugDeliveryTest" name="Provision_to_submit_the_address_for_home_drug_delivery" time="24.266"/>
  <testcase classname="com.qa.HIS.BrowserCompatibility_HIS.HomeDrugDeliveryTest" name="check_the_eligibility_for_the_home_drug_delivery_by_the_OPD_Doctor" time="187.860"/>
  <testcase classname="com.qa.HIS.BrowserCompatibility_HIS.HomeDrugDeliveryTest" name="Provision_to_view_and_print_the_worklist_for_the_Home_Drug_Delivery" time="12.914"/>
  <testcase classname="com.qa.HIS.BrowserCompatibility_HIS.HomeDrugDeliveryTest" name="Home_Drug_Delivery_Report_HQ_Report" time="54.664"/>
</testsuite> <!-- com.qa.HIS.BrowserCompatibility_HIS.HomeDrugDeliveryTest -->
